c:\users\nemanja glumicic\desktop\projects\github projects\console_calculator\calculator\x64\debug\vc141.pdb
c:\users\nemanja glumicic\desktop\projects\github projects\console_calculator\calculator\x64\debug\vc141.idb
c:\users\nemanja glumicic\desktop\projects\github projects\console_calculator\calculator\x64\debug\class.obj
c:\users\nemanja glumicic\desktop\projects\github projects\console_calculator\calculator\x64\debug\maincpp.obj
c:\users\nemanja glumicic\desktop\projects\github projects\console_calculator\x64\debug\calculator.exe
c:\users\nemanja glumicic\desktop\projects\github projects\console_calculator\x64\debug\calculator.ilk
c:\users\nemanja glumicic\desktop\projects\github projects\console_calculator\x64\debug\calculator.pdb
c:\users\glumac\desktop\githubss\console_calculator\calculator\x64\debug\class.obj
c:\users\glumac\desktop\githubss\console_calculator\calculator\x64\debug\maincpp.obj
c:\users\glumac\desktop\githubss\console_calculator\calculator\x64\debug\vc141.idb
c:\users\glumac\desktop\githubss\console_calculator\calculator\x64\debug\vc141.pdb
c:\users\glumac\desktop\githubss\console_calculator\x64\debug\calculator.pdb
c:\users\glumac\desktop\githubss\console_calculator\x64\debug\calculator.exe
c:\users\glumac\desktop\githubss\console_calculator\x64\debug\calculator.ilk
c:\users\glumac\desktop\githubss\console_calculator\calculator\x64\debug\calculator.tlog\cl.command.1.tlog
c:\users\glumac\desktop\githubss\console_calculator\calculator\x64\debug\calculator.tlog\cl.read.1.tlog
c:\users\glumac\desktop\githubss\console_calculator\calculator\x64\debug\calculator.tlog\cl.write.1.tlog
c:\users\glumac\desktop\githubss\console_calculator\calculator\x64\debug\calculator.tlog\link.command.1.tlog
c:\users\glumac\desktop\githubss\console_calculator\calculator\x64\debug\calculator.tlog\link.read.1.tlog
c:\users\glumac\desktop\githubss\console_calculator\calculator\x64\debug\calculator.tlog\link.write.1.tlog
